<?xml version="1.0" encoding="UTF-8"?>
<!-- Generated by org.testng.reporters.JUnitReportReporter -->
<testsuite hostname="Mohammeds-MacBook-Pro.local" name="com.everestengineering.testrunner.TestRunner" tests="1" failures="0" timestamp="11 May 2019 08:26:13 GMT" time="6.739" errors="0">
  <testcase name="feature" time="6.739" classname="com.everestengineering.testrunner.TestRunner"/>
</testsuite> <!-- com.everestengineering.testrunner.TestRunner -->
