<?xml version="1.0" encoding="UTF-8"?>
<!-- Generated by org.testng.reporters.JUnitReportReporter -->
<testsuite hostname="Mohammeds-MacBook-Pro.local" name="com.everestengineering.testrunner.TestRunner" tests="1" failures="0" timestamp="12 May 2019 12:53:34 GMT" time="110.344" errors="0">
  <testcase name="feature" time="110.344" classname="com.everestengineering.testrunner.TestRunner"/>
</testsuite> <!-- com.everestengineering.testrunner.TestRunner -->
